{
  "stats": {
    "suites": 1,
    "tests": 2,
    "passes": 2,
    "pending": 0,
    "failures": 0,
    "start": "2026-06-25T11:25:35.197Z",
    "end": "2026-06-25T11:25:43.266Z",
    "duration": 8069,
    "testsRegistered": 2,
    "passPercent": 100,
    "pendingPercent": 0,
    "other": 0,
    "hasOther": false,
    "skipped": 0,
    "hasSkipped": false
  },
  "results": [
    {
      "uuid": "fe9546c1-7a92-45c9-82c3-0c127c6043e9",
      "title": "",
      "fullFile": "/Users/mars/session-9/test/saucedemo.test.js",
      "file": "/test/saucedemo.test.js",
      "beforeHooks": [],
      "afterHooks": [],
      "tests": [],
      "suites": [
        {
          "uuid": "d3968477-0bc5-4d34-b51d-65a21f5dee14",
          "title": "SauceDemo Web UI Automation",
          "fullFile": "/Users/mars/session-9/test/saucedemo.test.js",
          "file": "/test/saucedemo.test.js",
          "beforeHooks": [
            {
              "title": "\"before each\" hook in \"SauceDemo Web UI Automation\"",
              "fullTitle": "SauceDemo Web UI Automation \"before each\" hook in \"SauceDemo Web UI Automation\"",
              "timedOut": false,
              "duration": 1623,
              "state": null,
              "speed": null,
              "pass": false,
              "fail": false,
              "pending": false,
              "context": null,
              "code": "driver = await new Builder().forBrowser(\"chrome\").build();\nawait driver.manage().window().maximize();",
              "err": {},
              "uuid": "ec0036b7-3343-40d3-92b9-a07d5f780e26",
              "parentUUID": "d3968477-0bc5-4d34-b51d-65a21f5dee14",
              "isHook": true,
              "skipped": false
            }
          ],
          "afterHooks": [
            {
              "title": "\"after each\" hook in \"SauceDemo Web UI Automation\"",
              "fullTitle": "SauceDemo Web UI Automation \"after each\" hook in \"SauceDemo Web UI Automation\"",
              "timedOut": false,
              "duration": 54,
              "state": null,
              "speed": null,
              "pass": false,
              "fail": false,
              "pending": false,
              "context": null,
              "code": "await driver.quit();",
              "err": {},
              "uuid": "da409489-bbcc-4209-a701-3458128bcde9",
              "parentUUID": "d3968477-0bc5-4d34-b51d-65a21f5dee14",
              "isHook": true,
              "skipped": false
            }
          ],
          "tests": [
            {
              "title": "Success Login",
              "fullTitle": "SauceDemo Web UI Automation Success Login",
              "timedOut": false,
              "duration": 2139,
              "state": "passed",
              "speed": "slow",
              "pass": true,
              "fail": false,
              "pending": false,
              "context": null,
              "code": "await driver.get(\"https://www.saucedemo.com/\");\nawait driver.findElement(By.id(\"user-name\")).sendKeys(\"standard_user\");\nawait driver.findElement(By.id(\"password\")).sendKeys(\"secret_sauce\");\nawait driver.findElement(By.id(\"login-button\")).click();\nconst titleElement = await driver.wait(\n  until.elementLocated(By.className(\"title\")),\n  10000\n);\nconst pageTitle = await titleElement.getText();\nassert.strictEqual(pageTitle, \"Products\");",
              "err": {},
              "uuid": "c2f36ce7-0cd3-4b23-98de-f92a773f47cc",
              "parentUUID": "d3968477-0bc5-4d34-b51d-65a21f5dee14",
              "isHook": false,
              "skipped": false
            },
            {
              "title": "Sort Product A-Z",
              "fullTitle": "SauceDemo Web UI Automation Sort Product A-Z",
              "timedOut": false,
              "duration": 2143,
              "state": "passed",
              "speed": "slow",
              "pass": true,
              "fail": false,
              "pending": false,
              "context": null,
              "code": "await driver.get(\"https://www.saucedemo.com/\");\nawait driver.findElement(By.id(\"user-name\")).sendKeys(\"standard_user\");\nawait driver.findElement(By.id(\"password\")).sendKeys(\"secret_sauce\");\nawait driver.findElement(By.id(\"login-button\")).click();\nawait driver.wait(until.elementLocated(By.className(\"title\")), 10000);\nconst sortDropdown = await driver.findElement(By.className(\"product_sort_container\"));\nawait sortDropdown.sendKeys(\"az\");\nconst productElements = await driver.findElements(By.className(\"inventory_item_name\"));\nconst productNames = [];\nfor (let product of productElements) {\n  productNames.push(await product.getText());\n}\nconst sortedProductNames = [...productNames].sort();\nassert.deepStrictEqual(productNames, sortedProductNames);",
              "err": {},
              "uuid": "faaa6398-e293-4860-aa08-6d51e2403b6c",
              "parentUUID": "d3968477-0bc5-4d34-b51d-65a21f5dee14",
              "isHook": false,
              "skipped": false
            }
          ],
          "suites": [],
          "passes": [
            "c2f36ce7-0cd3-4b23-98de-f92a773f47cc",
            "faaa6398-e293-4860-aa08-6d51e2403b6c"
          ],
          "failures": [],
          "pending": [],
          "skipped": [],
          "duration": 4282,
          "root": false,
          "rootEmpty": false,
          "_timeout": 60000
        }
      ],
      "passes": [],
      "failures": [],
      "pending": [],
      "skipped": [],
      "duration": 0,
      "root": true,
      "rootEmpty": true,
      "_timeout": 60000
    }
  ],
  "meta": {
    "mocha": {
      "version": "11.7.6"
    },
    "mochawesome": {
      "options": {
        "quiet": false,
        "reportFilename": "mochawesome",
        "saveHtml": true,
        "saveJson": true,
        "consoleReporter": "spec",
        "useInlineDiffs": false,
        "code": true
      },
      "version": "7.1.4"
    },
    "marge": {
      "options": null,
      "version": "6.3.2"
    }
  }
}